<?xml version="1.0" encoding="UTF-8"?>
<testsuite name="group.junittest.ExampleUnitTest" tests="1" skipped="0" failures="0" errors="0" timestamp="2021-08-22T21:08:27" hostname="Davids-MacBook-Pro-2.local" time="0.015">
  <properties/>
  <testcase name="addition_isCorrect()" classname="group.junittest.ExampleUnitTest" time="0.015"/>
  <system-out><![CDATA[]]></system-out>
  <system-err><![CDATA[]]></system-err>
</testsuite>
